SF:lib/src/core/domain/entity/ContactEntity.dart
DA:8,1
LF:1
LH:1
end_of_record
SF:lib/src/core/domain/error/Failure.dart
DA:4,1
LF:1
LH:1
end_of_record
SF:lib/src/core/domain/error/MessageError.dart
DA:2,1
DA:3,0
LF:2
LH:1
end_of_record
SF:lib/src/features/data/models/ContactModel.dart
DA:12,1
DA:20,1
DA:21,1
DA:22,2
DA:23,1
DA:24,1
DA:25,1
DA:29,1
DA:30,1
DA:31,2
DA:32,5
DA:33,1
DA:34,1
DA:38,3
DA:40,3
LF:15
LH:15
end_of_record
SF:lib/src/features/domain/usecase/UsecaseContact.dart
DA:12,1
DA:14,1
DA:15,2
DA:16,3
DA:18,3
DA:22,1
DA:23,1
DA:24,3
DA:26,3
DA:30,1
DA:31,3
DA:35,1
DA:36,3
DA:37,3
DA:39,3
LF:15
LH:15
end_of_record
